<?xml version="1.0" encoding="utf-8"?><testsuites name="pytest tests"><testsuite name="pytest" errors="0" failures="0" skipped="0" tests="228" time="42.361" timestamp="2026-09-17T08:49:37.519952+07:00" hostname="LAPTOP-LHAUPND9"><testcase classname="backend.tests.test_admin_auth_hardening" name="test_login_response_no_token_in_body_and_sets_httponly_cookie" time="0.095" /><testcase classname="backend.tests.test_admin_auth_hardening" name="test_subsequent_logins_generate_different_sessions" time="0.030" /><testcase classname="backend.tests.test_admin_auth_hardening" name="test_clear_cache_missing_or_invalid_csrf_rejected" time="0.027" /><testcase classname="backend.tests.test_admin_auth_hardening" name="test_clear_cache_with_valid_csrf_accepted" time="0.033" /><testcase classname="backend.tests.test_admin_auth_hardening" name="test_logout_revokes_session_and_old_token_rejected" time="0.054" /><testcase classname="backend.tests.test_admin_auth_hardening" name="test_fake_expired_and_revoked_tokens_rejected" time="0.050" /><testcase classname="backend.tests.test_admin_auth_hardening" name="test_admin_login_rate_limiting" time="0.045" /><testcase classname="backend.tests.test_admin_auth_hardening" name="test_cookie_production_attributes_when_env_production" time="0.030" /><testcase classname="backend.tests.test_admin_portal_ops" name="test_admin_rbac_and_unauthorized_rejection" time="0.078" /><testcase classname="backend.tests.test_admin_portal_ops" name="test_admin_jobs_list_and_filters" time="0.140" /><testcase classname="backend.tests.test_admin_portal_ops" name="test_admin_job_detail_and_events" time="0.092" /><testcase classname="backend.tests.test_admin_portal_ops" name="test_admin_retry_and_cancel_actions_with_csrf_and_audit" time="0.164" /><testcase classname="backend.tests.test_admin_portal_ops" name="test_admin_worker_heartbeats_and_queue_stats" time="0.133" /><testcase classname="backend.tests.test_admin_portal_ops" name="test_admin_sanitized_error_logs" time="0.068" /><testcase classname="backend.tests.test_admin_portal_ops" name="test_admin_readonly_migrations_and_backups" time="0.040" /><testcase classname="backend.tests.test_admin_portal_ops" name="test_admin_alerts_summary" time="0.036" /><testcase classname="backend.tests.test_admin_session_ltx" name="test_admin_session_schema_and_model_contract" time="0.014" /><testcase classname="backend.tests.test_admin_session_ltx" name="test_registered_operations_specs_and_literal_checksums" time="0.019" /><testcase classname="backend.tests.test_admin_session_ltx" name="test_duplicate_hash_rejection_via_unique_index" time="0.034" /><testcase classname="backend.tests.test_admin_session_ltx" name="test_ttl_contract_and_purge_expired" time="0.031" /><testcase classname="backend.tests.test_admin_session_ltx" name="test_redis_unavailable_mongo_available" time="0.038" /><testcase classname="backend.tests.test_admin_session_ltx" name="test_mongo_unavailable_redis_available_in_development" time="0.015" /><testcase classname="backend.tests.test_admin_session_ltx" name="test_dual_outage_fail_closed_in_production" time="0.022" /><testcase classname="backend.tests.test_admin_session_ltx" name="test_revoke_persistent_failure_no_false_success_in_production" time="0.014" /><testcase classname="backend.tests.test_admin_session_ltx" name="test_multi_instance_session_sharing_and_revocation" time="0.028" /><testcase classname="backend.tests.test_admin_session_ltx" name="test_fake_expired_and_revoked_token_rejection" time="0.035" /><testcase classname="backend.tests.test_admin_session_ltx" name="test_csrf_token_binding_and_validation" time="0.010" /><testcase classname="backend.tests.test_admin_session_ltx" name="test_zero_raw_mongo_access_outside_boundary" time="0.408" /><testcase classname="backend.tests.test_api" name="test_root" time="0.071" /><testcase classname="backend.tests.test_api" name="test_health_with_database_connected" time="0.029" /><testcase classname="backend.tests.test_api" name="test_health_without_database_connection" time="0.022" /><testcase classname="backend.tests.test_api" name="test_suggested_questions" time="0.021" /><testcase classname="backend.tests.test_api" name="test_admin_login_fail" time="0.021" /><testcase classname="backend.tests.test_api" name="test_admin_login_success" time="0.034" /><testcase classname="backend.tests.test_api" name="test_chat_guardrail_without_mongo" time="0.037" /><testcase classname="backend.tests.test_api" name="test_chat_guardrail_out_of_scope_without_mongo" time="0.031" /><testcase classname="backend.tests.test_api" name="test_chat_stream_guardrail" time="0.211" /><testcase classname="backend.tests.test_api" name="test_cors_headers" time="0.016" /><testcase classname="backend.tests.test_api" name="test_development_config_defaults" time="0.014" /><testcase classname="backend.tests.test_api" name="test_production_config_missing_vars_raises_error" time="0.015" /><testcase classname="backend.tests.test_api" name="test_preview_and_staging_env_missing_vars_raises_error" time="0.016" /><testcase classname="backend.tests.test_api" name="test_vercel_env_detection_and_validation" time="0.014" /><testcase classname="backend.tests.test_artifacts" name="test_deduplication_reuse_asset" time="0.059" /><testcase classname="backend.tests.test_artifacts" name="test_tuition_content_layer_reuse" time="0.012" /><testcase classname="backend.tests.test_artifacts" name="test_preview_before_high_quality" time="0.058" /><testcase classname="backend.tests.test_artifacts" name="test_upscale_on_demand_only" time="0.432" /><testcase classname="backend.tests.test_artifacts" name="test_no_large_base64_in_manifest" time="0.016" /><testcase classname="backend.tests.test_artifacts" name="test_asset_ownership_and_permission" time="0.034" /><testcase classname="backend.tests.test_artifacts" name="test_render_failure_safe_retry" time="0.385" /><testcase classname="backend.tests.test_artifacts" name="test_concurrent_requests_no_duplicate" time="0.058" /><testcase classname="backend.tests.test_artifacts" name="test_data_consistency_between_infographic_and_answer" time="0.010" /><testcase classname="backend.tests.test_artifacts" name="test_export_word_excel_pdf_validity" time="0.646" /><testcase classname="backend.tests.test_artifacts" name="test_manifest_limits_enforcement" time="0.012" /><testcase classname="backend.tests.test_artifacts" name="test_artifacts_api_endpoints" time="0.649" /><testcase classname="backend.tests.test_csrf_and_cookie_auth" name="test_session_creation_does_not_leak_token_in_body" time="0.020" /><testcase classname="backend.tests.test_csrf_and_cookie_auth" name="test_mutating_request_with_cookie_but_missing_csrf_rejected" time="0.017" /><testcase classname="backend.tests.test_csrf_and_cookie_auth" name="test_mutating_request_with_cookie_and_valid_csrf_accepted" time="0.024" /><testcase classname="backend.tests.test_csrf_and_cookie_auth" name="test_admin_routes_require_valid_admin_token" time="0.054" /><testcase classname="backend.tests.test_durable_jobs_worker" name="test_exact_http_202_responses" time="0.915" /><testcase classname="backend.tests.test_durable_jobs_worker" name="test_get_file_no_side_effects" time="0.333" /><testcase classname="backend.tests.test_durable_jobs_worker" name="test_job_idempotency" time="0.077" /><testcase classname="backend.tests.test_durable_jobs_worker" name="test_cross_owner_job_access_denied" time="0.295" /><testcase classname="backend.tests.test_durable_jobs_worker" name="test_worker_lease_recovery_and_restart" time="0.260" /><testcase classname="backend.tests.test_durable_jobs_worker" name="test_worker_retry_backoff_on_failure" time="0.311" /><testcase classname="backend.tests.test_durable_jobs_worker" name="test_worker_cancellation_checkpoints" time="0.266" /><testcase classname="backend.tests.test_durable_jobs_worker" name="test_export_word_excel_pdf_storage_adapter" time="0.630" /><testcase classname="backend.tests.test_durable_jobs_worker" name="test_upscale_2x_4x_and_signed_url" time="1.177" /><testcase classname="backend.tests.test_durable_jobs_worker" name="test_no_binary_or_base64_in_mongo_or_events" time="0.275" /><testcase classname="backend.tests.test_failure_resilience" name="test_lost_redis_graceful_fallback" time="0.012" /><testcase classname="backend.tests.test_failure_resilience" name="test_lost_mongo_structured_error" time="0.033" /><testcase classname="backend.tests.test_failure_resilience" name="test_lost_storage_graceful_error" time="0.016" /><testcase classname="backend.tests.test_failure_resilience" name="test_lease_expiry_and_worker_recovery" time="1.287" /><testcase classname="backend.tests.test_failure_resilience" name="test_duplicate_request_idempotency" time="0.114" /><testcase classname="backend.tests.test_failure_resilience" name="test_stream_reconnect_resilience" time="0.020" /><testcase classname="backend.tests.test_failure_resilience" name="test_api_restart_resilience" time="0.069" /><testcase classname="backend.tests.test_failure_resilience" name="test_worker_restart_resilience" time="1.454" /><testcase classname="backend.tests.test_final_architecture_hardening" name="test_signed_download_url_clamping_and_validation" time="0.009" /><testcase classname="backend.tests.test_final_architecture_hardening" name="test_signed_download_url_expired_and_future_drift_rejected" time="0.011" /><testcase classname="backend.tests.test_final_architecture_hardening" name="test_session_creation_endpoint_and_cookie" time="0.018" /><testcase classname="backend.tests.test_final_architecture_hardening" name="test_session_token_tampering_rejected" time="0.012" /><testcase classname="backend.tests.test_final_architecture_hardening" name="test_rate_limiter_rfc1918_trusted_proxy_ip_resolution" time="0.013" /><testcase classname="backend.tests.test_final_architecture_hardening" name="test_rate_limiter_production_fail_fast_on_missing_redis" time="0.009" /><testcase classname="backend.tests.test_final_architecture_hardening" name="test_image_generation_dedup_shares_blob_with_isolated_owners" time="0.159" /><testcase classname="backend.tests.test_final_architecture_hardening" name="test_durable_lease_queue_claim_and_reclamation" time="0.155" /><testcase classname="backend.tests.test_final_architecture_hardening" name="test_durable_queue_checkpoint_cancellation_persists" time="0.093" /><testcase classname="backend.tests.test_final_architecture_hardening" name="test_export_cached_derivative_reuse" time="0.169" /><testcase classname="backend.tests.test_final_architecture_hardening" name="test_export_rejects_audio_and_video" time="0.063" /><testcase classname="backend.tests.test_final_architecture_hardening" name="test_ndjson_streaming_v2_strict_sequence_and_ultralight_summary" time="13.300" /><testcase classname="backend.tests.test_full_architecture_overhaul" name="test_multi_user_privacy_and_deduplication" time="0.085" /><testcase classname="backend.tests.test_full_architecture_overhaul" name="test_physical_blob_shared_under_hood" time="0.123" /><testcase classname="backend.tests.test_full_architecture_overhaul" name="test_cancelled_job_never_becomes_completed" time="0.295" /><testcase classname="backend.tests.test_full_architecture_overhaul" name="test_hmac_signed_download_and_expiry" time="0.011" /><testcase classname="backend.tests.test_full_architecture_overhaul" name="test_audio_and_video_export_rejection" time="0.066" /><testcase classname="backend.tests.test_full_architecture_overhaul" name="test_image_regenerate_no_collision" time="0.133" /><testcase classname="backend.tests.test_image_dedup_two_users" name="test_two_users_same_prompt_deduplication" time="0.141" /><testcase classname="backend.tests.test_image_dedup_two_users" name="test_svg_branch_creates_physical_asset" time="0.037" /><testcase classname="backend.tests.test_image_dedup_two_users" name="test_compensation_deletes_file_if_mongo_fails" time="0.046" /><testcase classname="backend.tests.test_ltx_architecture_contract" name="test_routes_cannot_access_mongo_primitives" time="0.019" /><testcase classname="backend.tests.test_ltx_architecture_contract" name="test_raw_data_access_matches_exact_exception_registry" time="0.048" /><testcase classname="backend.tests.test_ltx_architecture_contract" name="test_operation_specs_live_only_in_registered_operation_modules" time="0.047" /><testcase classname="backend.tests.test_ltx_architecture_contract" name="test_domain_adapters_do_not_receive_raw_mongo_access" time="0.013" /><testcase classname="backend.tests.test_ltx_architecture_contract" name="test_registered_operation_checksums_are_declared_and_valid" time="0.242" /><testcase classname="backend.tests.test_mongo_schema_and_migrations.TestPydanticMongoModels" name="test_asset_record_valid" time="0.012" /><testcase classname="backend.tests.test_mongo_schema_and_migrations.TestPydanticMongoModels" name="test_asset_record_rejects_path_traversal_key" time="0.012" /><testcase classname="backend.tests.test_mongo_schema_and_migrations.TestPydanticMongoModels" name="test_asset_record_rejects_extra_fields" time="0.012" /><testcase classname="backend.tests.test_mongo_schema_and_migrations.TestPydanticMongoModels" name="test_artifact_record_rejects_large_base64" time="0.010" /><testcase classname="backend.tests.test_mongo_schema_and_migrations.TestPydanticMongoModels" name="test_job_record_status_validation" time="0.011" /><testcase classname="backend.tests.test_mongo_schema_and_migrations.TestPydanticMongoModels" name="test_job_status_response_supports_cancelled" time="0.013" /><testcase classname="backend.tests.test_mongo_schema_and_migrations.TestPydanticMongoModels" name="test_query_cache_rejects_large_base64_in_meta" time="0.014" /><testcase classname="backend.tests.test_mongo_schema_and_migrations.TestPydanticMongoModels" name="test_legacy_deserialization" time="0.013" /><testcase classname="backend.tests.test_mongo_schema_and_migrations.TestStorageAdapter" name="test_put_get_exists_delete" time="0.034" /><testcase classname="backend.tests.test_mongo_schema_and_migrations.TestStorageAdapter" name="test_path_traversal_prevention" time="0.018" /><testcase classname="backend.tests.test_mongo_schema_and_migrations.TestDeduplicationAndOwnershipSeparation" name="test_ownership_separation_no_leakage" time="0.013" /><testcase classname="backend.tests.test_mongo_schema_and_migrations.TestMongoRepositoryIndexHandling" name="test_create_single_index_handles_duplicate_key_error" time="0.014" /><testcase classname="backend.tests.test_mongo_schema_and_migrations.TestMongoRepositoryIndexHandling" name="test_create_single_index_handles_options_conflict" time="0.011" /><testcase classname="backend.tests.test_mongo_schema_and_migrations.TestMongoRepositoryIndexHandling" name="test_database_readiness_check_detects_missing_indexes" time="0.015" /><testcase classname="backend.tests.test_mongo_schema_phase6.TestPhase6MongoModels" name="test_operation_audit_record_valid" time="0.011" /><testcase classname="backend.tests.test_mongo_schema_phase6.TestPhase6MongoModels" name="test_operation_audit_record_rejects_extra" time="0.011" /><testcase classname="backend.tests.test_mongo_schema_phase6.TestPhase6MongoModels" name="test_huit_kb_record_valid" time="0.011" /><testcase classname="backend.tests.test_mongo_schema_phase6.TestPhase6MongoModels" name="test_huit_kb_record_from_legacy_normalizes_string_date" time="0.013" /><testcase classname="backend.tests.test_mongo_schema_phase6.TestPhase6MongoModels" name="test_huit_kb_record_rejects_wrong_embedding_dimension" time="0.011" /><testcase classname="backend.tests.test_mongo_schema_phase6.TestPhase6MongoModels" name="test_validators_structure" time="0.009" /><testcase classname="backend.tests.test_mongo_schema_phase6.TestPhase6MongoModels" name="test_mongo_repository_helpers" time="0.010" /><testcase classname="backend.tests.test_operation_gateway" name="test_checksum_mismatch_rejected" time="0.015" /><testcase classname="backend.tests.test_operation_gateway" name="test_handler_or_query_change_invalidates_checksum" time="0.020" /><testcase classname="backend.tests.test_operation_gateway" name="test_extra_parameter_rejected" time="0.018" /><testcase classname="backend.tests.test_operation_gateway" name="test_invalid_output_rejected" time="0.021" /><testcase classname="backend.tests.test_operation_gateway" name="test_disallowed_collection_rejected" time="0.020" /><testcase classname="backend.tests.test_operation_gateway" name="test_resource_budgets_enforced" time="0.093" /><testcase classname="backend.tests.test_operation_gateway" name="test_raw_binary_and_base64_blocked" time="0.035" /><testcase classname="backend.tests.test_operation_gateway" name="test_mutation_policy_enforcement" time="0.026" /><testcase classname="backend.tests.test_operation_gateway" name="test_duplicate_registration_rejected" time="0.011" /><testcase classname="backend.tests.test_operation_gateway" name="test_audit_policy_and_fail_policy" time="0.029" /><testcase classname="backend.tests.test_operation_gateway" name="test_none_output_rejected_for_non_nullable_schema" time="0.020" /><testcase classname="backend.tests.test_operation_gateway" name="test_none_output_accepted_for_nullable_schema" time="0.019" /><testcase classname="backend.tests.test_operation_gateway" name="test_nested_object_extra_fields_rejected" time="0.022" /><testcase classname="backend.tests.test_operation_gateway" name="test_valid_nested_object_serializes_correctly" time="0.022" /><testcase classname="backend.tests.test_operation_gateway" name="test_binary_objectid_and_base64_blocked" time="0.035" /><testcase classname="backend.tests.test_operation_gateway" name="test_input_sanitization_blocks_binary_and_base64" time="0.023" /><testcase classname="backend.tests.test_operation_gateway" name="test_input_nested_extra_field_rejected" time="0.026" /><testcase classname="backend.tests.test_operation_gateway" name="test_write_v2_rejects_string_created_at" time="0.070" /><testcase classname="backend.tests.test_operation_gateway" name="test_transaction_rollback_when_audit_fails_fail_closed" time="0.022" /><testcase classname="backend.tests.test_operation_gateway" name="test_standalone_mongo_rejects_fail_closed_mutations" time="0.021" /><testcase classname="backend.tests.test_operation_gateway" name="test_fail_open_continues_when_audit_fails" time="0.020" /><testcase classname="backend.tests.test_operation_gateway" name="test_parameter_size_exceeding_budget_rejected" time="0.021" /><testcase classname="backend.tests.test_phase4_operations.TestRagOperations" name="test_vector_search_gateway_execution" time="0.021" /><testcase classname="backend.tests.test_phase4_operations.TestRagOperations" name="test_vector_search_rejects_forbidden_extra_param" time="0.014" /><testcase classname="backend.tests.test_phase4_operations.TestRagOperations" name="test_vector_search_rejects_invalid_checksum" time="0.016" /><testcase classname="backend.tests.test_phase4_operations.TestRagOperations" name="test_keyword_search_gateway_execution" time="0.019" /><testcase classname="backend.tests.test_phase4_operations.TestRagOperations" name="test_keyword_search_rejects_empty_keywords" time="0.018" /><testcase classname="backend.tests.test_phase4_operations.TestRagOperations" name="test_guardrail_catalog_integration" time="0.020" /><testcase classname="backend.tests.test_phase4_operations.TestRagOperations" name="test_reranker_fallback_gateway_execution" time="0.021" /><testcase classname="backend.tests.test_phase4_operations.TestRagOperations" name="test_hybrid_retriever_uses_rag_operations" time="0.022" /><testcase classname="backend.tests.test_phase4_operations.TestCacheOperations" name="test_cache_upsert_and_get" time="0.078" /><testcase classname="backend.tests.test_phase4_operations.TestCacheOperations" name="test_cache_invalidate" time="0.063" /><testcase classname="backend.tests.test_phase4_operations.TestCacheOperations" name="test_cache_clear_all" time="0.099" /><testcase classname="backend.tests.test_phase4_operations.TestCacheOperations" name="test_cache_manager_integration" time="0.071" /><testcase classname="backend.tests.test_phase4_operations.TestTelemetryOperations" name="test_append_event_and_retrieve" time="0.021" /><testcase classname="backend.tests.test_phase4_operations.TestTelemetryOperations" name="test_telemetry_rejects_raw_question_content" time="0.012" /><testcase classname="backend.tests.test_phase4_operations.TestTelemetryOperations" name="test_batch_append_telemetry" time="0.020" /><testcase classname="backend.tests.test_phase4_operations.TestTelemetryOperations" name="test_log_event_integration" time="0.023" /><testcase classname="backend.tests.test_phase5_operations.TestAssetAndArtifactOperations" name="test_duplicate_asset_reuses_physical_blob" time="0.041" /><testcase classname="backend.tests.test_phase5_operations.TestAssetAndArtifactOperations" name="test_cross_owner_artifact_isolation" time="0.018" /><testcase classname="backend.tests.test_phase5_operations.TestAssetAndArtifactOperations" name="test_dangling_blob_protection_and_compensation" time="0.038" /><testcase classname="backend.tests.test_phase5_operations.TestJobQueueOperations" name="test_atomic_job_claim_single_winner" time="0.079" /><testcase classname="backend.tests.test_phase5_operations.TestJobQueueOperations" name="test_duplicate_idempotency_key" time="0.037" /><testcase classname="backend.tests.test_phase5_operations.TestJobQueueOperations" name="test_lease_expiry_and_recovery" time="1.198" /><testcase classname="backend.tests.test_phase5_operations.TestJobQueueOperations" name="test_job_heartbeat_extends_lease" time="0.085" /><testcase classname="backend.tests.test_phase5_operations.TestJobQueueOperations" name="test_retry_exhaustion_marks_failed" time="0.063" /><testcase classname="backend.tests.test_phase5_operations.TestJobQueueOperations" name="test_job_cancel_permission_and_isolation" time="0.104" /><testcase classname="backend.tests.test_phase5_operations.TestJobQueueOperations" name="test_concurrent_workers_stress" time="0.440" /><testcase classname="backend.tests.test_production_infrastructure_hardening" name="test_production_database_model_is_atlas" time="0.032" /><testcase classname="backend.tests.test_production_infrastructure_hardening" name="test_redis_authentication_and_acl_enforced" time="0.013" /><testcase classname="backend.tests.test_production_infrastructure_hardening" name="test_network_segmentation_and_port_isolation" time="0.011" /><testcase classname="backend.tests.test_production_infrastructure_hardening" name="test_container_hardening_security_attributes" time="0.012" /><testcase classname="backend.tests.test_production_infrastructure_hardening" name="test_nginx_security_headers_and_path_blocking" time="0.012" /><testcase classname="backend.tests.test_production_infrastructure_hardening" name="test_production_docs_toggle" time="0.020" /><testcase classname="backend.tests.test_rag_pipeline" name="test_normalize_text" time="0.012" /><testcase classname="backend.tests.test_rag_pipeline" name="test_classify_intent" time="0.013" /><testcase classname="backend.tests.test_rag_pipeline" name="test_expand_query" time="0.013" /><testcase classname="backend.tests.test_rag_pipeline" name="test_guardrails_greeting" time="0.013" /><testcase classname="backend.tests.test_rag_pipeline" name="test_guardrails_identity" time="0.011" /><testcase classname="backend.tests.test_rag_pipeline" name="test_guardrails_out_of_scope" time="0.011" /><testcase classname="backend.tests.test_rag_pipeline" name="test_major_catalog_detection" time="0.013" /><testcase classname="backend.tests.test_rag_pipeline" name="test_memory_cache" time="0.012" /><testcase classname="backend.tests.test_rag_pipeline" name="test_admin_auth" time="0.017" /><testcase classname="backend.tests.test_rag_pipeline" name="test_latency_breakdown_metrics" time="0.010" /><testcase classname="backend.tests.test_rag_pipeline" name="test_log_event_privacy_sanitization" time="0.013" /><testcase classname="backend.tests.test_rag_pipeline" name="test_rag_architecture_equivalence" time="0.014" /><testcase classname="backend.tests.test_rag_pipeline" name="test_llm_model_order_and_providers" time="0.011" /><testcase classname="backend.tests.test_resilient_queue_worker" name="test_expired_lease_claim" time="1.215" /><testcase classname="backend.tests.test_resilient_queue_worker" name="test_rejection_when_max_attempts_reached" time="0.083" /><testcase classname="backend.tests.test_resilient_queue_worker" name="test_cancel_during_execution_prevents_completed_overwrite" time="0.112" /><testcase classname="backend.tests.test_resilient_queue_worker" name="test_heartbeat_extends_lease" time="0.289" /><testcase classname="backend.tests.test_resilient_queue_worker" name="test_worker_task_timeout" time="1.139" /><testcase classname="backend.tests.test_storage_reconciliation" name="test_orphan_detection_collects_all_supported_reference_keys" time="0.012" /><testcase classname="backend.tests.test_storage_reconciliation" name="test_deterministic_svg_render" time="0.014" /><testcase classname="backend.tests.test_storage_reconciliation" name="test_deterministic_excel_render" time="0.042" /><testcase classname="backend.tests.test_storage_reconciliation" name="test_storage_adapter_detects_physical_file_removal" time="0.019" /><testcase classname="backend.tests.test_storage_reconciliation" name="test_image_file_endpoint_returns_error_when_unavailable" time="0.020" /><testcase classname="backend.tests.test_stream_coordinator" name="test_create_new_stream_success" time="0.032" /><testcase classname="backend.tests.test_stream_coordinator" name="test_reconnect_after_interruption" time="0.044" /><testcase classname="backend.tests.test_stream_coordinator" name="test_resume_by_sequence_does_not_duplicate_llm_call" time="0.041" /><testcase classname="backend.tests.test_stream_coordinator" name="test_duplicate_request_id_with_different_payload_returns_409" time="0.037" /><testcase classname="backend.tests.test_stream_coordinator" name="test_cross_owner_access_forbidden" time="0.025" /><testcase classname="backend.tests.test_stream_coordinator" name="test_cancel_stream_workflow" time="0.015" /><testcase classname="backend.tests.test_stream_coordinator" name="test_disconnect_preserves_buffer_for_resume[asyncio]" time="1.023" /><testcase classname="backend.tests.test_stream_coordinator" name="test_prune_expired_sessions[asyncio]" time="0.014" /><testcase classname="backend.tests.test_stream_coordinator" name="test_redis_unavailable_fallback" time="0.033" /><testcase classname="backend.tests.test_stream_coordinator" name="test_stream_terminal_state" time="0.022" /><testcase classname="backend.tests.test_streaming_protocol_v2.TestStreamingProtocolV2" name="test_canonical_event_set_and_envelope" time="0.017" /><testcase classname="backend.tests.test_streaming_protocol_v2.TestStreamingProtocolV2" name="test_strict_payload_validation_rejects_extra_fields" time="0.009" /><testcase classname="backend.tests.test_streaming_protocol_v2.TestStreamingProtocolV2" name="test_compatibility_boundary_conversions" time="0.017" /><testcase classname="backend.tests.test_streaming_protocol_v2.TestStreamingProtocolV2" name="test_normal_streaming_envelope_and_monotonic_sequence" time="0.317" /><testcase classname="backend.tests.test_streaming_protocol_v2.TestStreamingProtocolV2" name="test_chunk_split_reassembly" time="0.011" /><testcase classname="backend.tests.test_streaming_protocol_v2.TestStreamingProtocolV2" name="test_reconnect_resume_no_duplicate_token" time="1.385" /><testcase classname="backend.tests.test_streaming_protocol_v2.TestStreamingProtocolV2" name="test_terminal_event_exactly_once" time="0.016" /><testcase classname="backend.tests.test_streaming_protocol_v2.TestStreamingProtocolV2" name="test_error_event_schema_and_retryable" time="0.015" /><testcase classname="backend.tests.test_streaming_protocol_v2.TestStreamingProtocolV2" name="test_artifact_event_size_limit_and_no_base64" time="0.017" /><testcase classname="backend.tests.test_streaming_protocol_v2.TestStreamingProtocolV2" name="test_cross_owner_resume_rejected_403" time="0.025" /><testcase classname="backend.tests.test_streaming_protocol_v2.TestStreamingProtocolV2" name="test_redis_unavailable_resilience" time="0.020" /><testcase classname="backend.tests.test_streaming_protocol_v2.TestStreamingProtocolV2" name="test_cancel_event_handling" time="0.012" /><testcase classname="backend.tests.test_streaming_v2" name="test_ndjson_protocol_v2_structure" time="0.204" /><testcase classname="backend.tests.test_streaming_v2" name="test_ndjson_protocol_v2_resume_buffer" time="0.243" /><testcase classname="backend.tests.test_streaming_v2" name="test_ndjson_protocol_v2_planned_artifact_events" time="2.483" /><testcase classname="backend.tests.test_streaming_v2_resume" name="test_streaming_v2_full_flow" time="0.028" /><testcase classname="backend.tests.test_streaming_v2_resume" name="test_streaming_v2_resume_without_duplicate_llm_call" time="0.039" /><testcase classname="backend.tests.test_streaming_v2_resume" name="test_streaming_v2_cancellation_endpoint" time="0.026" /></testsuite></testsuites>