<?xml version='1.0' encoding='utf-8'?>
<testsuites name="StagingSmokeFullStack" tests="13" failures="0" errors="0" time="39.531"><testsuite name="FullStackSmokeScenarios" tests="13" failures="0" errors="0" time="39.531" timestamp="2026-09-17T02:07:05.641514+00:00"><testcase classname="StagingSmokeRunner" name="1._Health_Live__api_health_live" time="0.013" /><testcase classname="StagingSmokeRunner" name="2._Health_Ready__api_health_ready" time="0.333" /><testcase classname="StagingSmokeRunner" name="3._CSRF_Bootstrap__api_auth_session" time="0.003" /><testcase classname="StagingSmokeRunner" name="4._Admin_Login_Zero-Token_Contract" time="0.188" /><testcase classname="StagingSmokeRunner" name="5._Admin_Verify,_Logout_&amp;_Revocation" time="0.879" /><testcase classname="StagingSmokeRunner" name="6._Regular_Chat__api_chat" time="3.434" /><testcase classname="StagingSmokeRunner" name="7._NDJSON_Canonical_Stream__api_chat-stream" time="14.731" /><testcase classname="StagingSmokeRunner" name="8._Stream_Reconnect___Resume_X-Last-Sequence" time="13.306" /><testcase classname="StagingSmokeRunner" name="9._Stream_Cancel_Endpoint__api_chat_{request_id}_cancel" time="0.003" /><testcase classname="StagingSmokeRunner" name="10._Migration_020_Validator,_Index_&amp;_TTL" time="1.287" /><testcase classname="StagingSmokeRunner" name="11._Artifact_Multi-User_Isolation" time="0.641" /><testcase classname="StagingSmokeRunner" name="12._Durable_Worker_Export_&amp;_Upscale_HTTP_202_&amp;_Polling" time="4.688" /><testcase classname="StagingSmokeRunner" name="13._Signed_Download_Contract_Valid_vs_Unsigned_vs_Expired" time="0.025" /></testsuite></testsuites>